<?xml version="1.0" encoding="UTF-8"?>
<!-- Generated by org.testng.reporters.JUnitXMLReporter -->
<testsuite hostname="DESKTOP-NIEHSHA" name="reportng_config_test" tests="4" failures="0" timestamp="24 Apr 2020 05:44:42 GMT" time="3.989" errors="0">
  <testcase name="testPost" time="2.422" classname="com.kola.interface_auto.test.lesson53.testCase.TestCase"/>
  <testcase name="testPost" time="0.861" classname="com.kola.interface_auto.test.lesson53.testCase.TestCase"/>
  <testcase name="testPost" time="0.091" classname="com.kola.interface_auto.test.lesson53.testCase.TestCase"/>
  <testcase name="testPost" time="0.103" classname="com.kola.interface_auto.test.lesson53.testCase.TestCase"/>
</testsuite> <!-- reportng_config_test -->
