<?xml version="1.0" encoding="UTF-8" ?>
<testsuite tests="4" failures="0" name="TestSuite" time="4.995" errors="0" skipped="0">
  <properties>
[...]
</properties>
  <testcase classname="com.kola.interface_auto.test.lesson53.testCase.TestCase" name="testPost" time="2.422"/>
  <testcase classname="com.kola.interface_auto.test.lesson53.testCase.TestCase" name="testPost" time="0.861"/>
  <testcase classname="com.kola.interface_auto.test.lesson53.testCase.TestCase" name="testPost" time="0.09"/>
  <testcase classname="com.kola.interface_auto.test.lesson53.testCase.TestCase" name="testPost" time="0.104"/>
</testsuite>